<?xml version="1.0" encoding="UTF-8"?>
<testsuite name="com.demo.parcialmagneto.services.DnaServiceTest" tests="1" skipped="0" failures="0" errors="0" timestamp="2024-11-02T00:08:52" hostname="DESKTOP-VH3S811" time="0.259">
  <properties/>
  <testcase name="testRows()" classname="com.demo.parcialmagneto.services.DnaServiceTest" time="0.259"/>
  <system-out><![CDATA[]]></system-out>
  <system-err><![CDATA[]]></system-err>
</testsuite>
